Parsed test spec with 2 sessions

starting permutation: rxy1 wx1 c1 rxy2 wy2 c2
step rxy1: SELECT id, tsv FROM rum_tbl WHERE tsv @@ 'hx';
id|tsv
--+---
(0 rows)

step wx1: INSERT INTO rum_tbl(tsv) values('ab');
step c1: COMMIT;
step rxy2: SELECT id, tsv FROM rum_tbl WHERE tsv @@ 'qh';
id|tsv
--+---
(0 rows)

step wy2: INSERT INTO rum_tbl(tsv) values('xz');
step c2: COMMIT;

starting permutation: rxy1 wx1 rxy2 c1 wy2 c2
step rxy1: SELECT id, tsv FROM rum_tbl WHERE tsv @@ 'hx';
id|tsv
--+---
(0 rows)

step wx1: INSERT INTO rum_tbl(tsv) values('ab');
step rxy2: SELECT id, tsv FROM rum_tbl WHERE tsv @@ 'qh';
id|tsv
--+---
(0 rows)

step c1: COMMIT;
step wy2: INSERT INTO rum_tbl(tsv) values('xz');
step c2: COMMIT;

starting permutation: rxy1 wx1 rxy2 wy2 c1 c2
step rxy1: SELECT id, tsv FROM rum_tbl WHERE tsv @@ 'hx';
id|tsv
--+---
(0 rows)

step wx1: INSERT INTO rum_tbl(tsv) values('ab');
step rxy2: SELECT id, tsv FROM rum_tbl WHERE tsv @@ 'qh';
id|tsv
--+---
(0 rows)

step wy2: INSERT INTO rum_tbl(tsv) values('xz');
step c1: COMMIT;
step c2: COMMIT;

starting permutation: rxy1 wx1 rxy2 wy2 c2 c1
step rxy1: SELECT id, tsv FROM rum_tbl WHERE tsv @@ 'hx';
id|tsv
--+---
(0 rows)

step wx1: INSERT INTO rum_tbl(tsv) values('ab');
step rxy2: SELECT id, tsv FROM rum_tbl WHERE tsv @@ 'qh';
id|tsv
--+---
(0 rows)

step wy2: INSERT INTO rum_tbl(tsv) values('xz');
step c2: COMMIT;
step c1: COMMIT;

starting permutation: rxy1 rxy2 wx1 c1 wy2 c2
step rxy1: SELECT id, tsv FROM rum_tbl WHERE tsv @@ 'hx';
id|tsv
--+---
(0 rows)

step rxy2: SELECT id, tsv FROM rum_tbl WHERE tsv @@ 'qh';
id|tsv
--+---
(0 rows)

step wx1: INSERT INTO rum_tbl(tsv) values('ab');
step c1: COMMIT;
step wy2: INSERT INTO rum_tbl(tsv) values('xz');
step c2: COMMIT;

starting permutation: rxy1 rxy2 wx1 wy2 c1 c2
step rxy1: SELECT id, tsv FROM rum_tbl WHERE tsv @@ 'hx';
id|tsv
--+---
(0 rows)

step rxy2: SELECT id, tsv FROM rum_tbl WHERE tsv @@ 'qh';
id|tsv
--+---
(0 rows)

step wx1: INSERT INTO rum_tbl(tsv) values('ab');
step wy2: INSERT INTO rum_tbl(tsv) values('xz');
step c1: COMMIT;
step c2: COMMIT;

starting permutation: rxy1 rxy2 wx1 wy2 c2 c1
step rxy1: SELECT id, tsv FROM rum_tbl WHERE tsv @@ 'hx';
id|tsv
--+---
(0 rows)

step rxy2: SELECT id, tsv FROM rum_tbl WHERE tsv @@ 'qh';
id|tsv
--+---
(0 rows)

step wx1: INSERT INTO rum_tbl(tsv) values('ab');
step wy2: INSERT INTO rum_tbl(tsv) values('xz');
step c2: COMMIT;
step c1: COMMIT;

starting permutation: rxy1 rxy2 wy2 wx1 c1 c2
step rxy1: SELECT id, tsv FROM rum_tbl WHERE tsv @@ 'hx';
id|tsv
--+---
(0 rows)

step rxy2: SELECT id, tsv FROM rum_tbl WHERE tsv @@ 'qh';
id|tsv
--+---
(0 rows)

step wy2: INSERT INTO rum_tbl(tsv) values('xz');
step wx1: INSERT INTO rum_tbl(tsv) values('ab');
step c1: COMMIT;
step c2: COMMIT;

starting permutation: rxy1 rxy2 wy2 wx1 c2 c1
step rxy1: SELECT id, tsv FROM rum_tbl WHERE tsv @@ 'hx';
id|tsv
--+---
(0 rows)

step rxy2: SELECT id, tsv FROM rum_tbl WHERE tsv @@ 'qh';
id|tsv
--+---
(0 rows)

step wy2: INSERT INTO rum_tbl(tsv) values('xz');
step wx1: INSERT INTO rum_tbl(tsv) values('ab');
step c2: COMMIT;
step c1: COMMIT;

starting permutation: rxy1 rxy2 wy2 c2 wx1 c1
step rxy1: SELECT id, tsv FROM rum_tbl WHERE tsv @@ 'hx';
id|tsv
--+---
(0 rows)

step rxy2: SELECT id, tsv FROM rum_tbl WHERE tsv @@ 'qh';
id|tsv
--+---
(0 rows)

step wy2: INSERT INTO rum_tbl(tsv) values('xz');
step c2: COMMIT;
step wx1: INSERT INTO rum_tbl(tsv) values('ab');
step c1: COMMIT;

starting permutation: rxy2 rxy1 wx1 c1 wy2 c2
step rxy2: SELECT id, tsv FROM rum_tbl WHERE tsv @@ 'qh';
id|tsv
--+---
(0 rows)

step rxy1: SELECT id, tsv FROM rum_tbl WHERE tsv @@ 'hx';
id|tsv
--+---
(0 rows)

step wx1: INSERT INTO rum_tbl(tsv) values('ab');
step c1: COMMIT;
step wy2: INSERT INTO rum_tbl(tsv) values('xz');
step c2: COMMIT;

starting permutation: rxy2 rxy1 wx1 wy2 c1 c2
step rxy2: SELECT id, tsv FROM rum_tbl WHERE tsv @@ 'qh';
id|tsv
--+---
(0 rows)

step rxy1: SELECT id, tsv FROM rum_tbl WHERE tsv @@ 'hx';
id|tsv
--+---
(0 rows)

step wx1: INSERT INTO rum_tbl(tsv) values('ab');
step wy2: INSERT INTO rum_tbl(tsv) values('xz');
step c1: COMMIT;
step c2: COMMIT;

starting permutation: rxy2 rxy1 wx1 wy2 c2 c1
step rxy2: SELECT id, tsv FROM rum_tbl WHERE tsv @@ 'qh';
id|tsv
--+---
(0 rows)

step rxy1: SELECT id, tsv FROM rum_tbl WHERE tsv @@ 'hx';
id|tsv
--+---
(0 rows)

step wx1: INSERT INTO rum_tbl(tsv) values('ab');
step wy2: INSERT INTO rum_tbl(tsv) values('xz');
step c2: COMMIT;
step c1: COMMIT;

starting permutation: rxy2 rxy1 wy2 wx1 c1 c2
step rxy2: SELECT id, tsv FROM rum_tbl WHERE tsv @@ 'qh';
id|tsv
--+---
(0 rows)

step rxy1: SELECT id, tsv FROM rum_tbl WHERE tsv @@ 'hx';
id|tsv
--+---
(0 rows)

step wy2: INSERT INTO rum_tbl(tsv) values('xz');
step wx1: INSERT INTO rum_tbl(tsv) values('ab');
step c1: COMMIT;
step c2: COMMIT;

starting permutation: rxy2 rxy1 wy2 wx1 c2 c1
step rxy2: SELECT id, tsv FROM rum_tbl WHERE tsv @@ 'qh';
id|tsv
--+---
(0 rows)

step rxy1: SELECT id, tsv FROM rum_tbl WHERE tsv @@ 'hx';
id|tsv
--+---
(0 rows)

step wy2: INSERT INTO rum_tbl(tsv) values('xz');
step wx1: INSERT INTO rum_tbl(tsv) values('ab');
step c2: COMMIT;
step c1: COMMIT;

starting permutation: rxy2 rxy1 wy2 c2 wx1 c1
step rxy2: SELECT id, tsv FROM rum_tbl WHERE tsv @@ 'qh';
id|tsv
--+---
(0 rows)

step rxy1: SELECT id, tsv FROM rum_tbl WHERE tsv @@ 'hx';
id|tsv
--+---
(0 rows)

step wy2: INSERT INTO rum_tbl(tsv) values('xz');
step c2: COMMIT;
step wx1: INSERT INTO rum_tbl(tsv) values('ab');
step c1: COMMIT;

starting permutation: rxy2 wy2 rxy1 wx1 c1 c2
step rxy2: SELECT id, tsv FROM rum_tbl WHERE tsv @@ 'qh';
id|tsv
--+---
(0 rows)

step wy2: INSERT INTO rum_tbl(tsv) values('xz');
step rxy1: SELECT id, tsv FROM rum_tbl WHERE tsv @@ 'hx';
id|tsv
--+---
(0 rows)

step wx1: INSERT INTO rum_tbl(tsv) values('ab');
step c1: COMMIT;
step c2: COMMIT;

starting permutation: rxy2 wy2 rxy1 wx1 c2 c1
step rxy2: SELECT id, tsv FROM rum_tbl WHERE tsv @@ 'qh';
id|tsv
--+---
(0 rows)

step wy2: INSERT INTO rum_tbl(tsv) values('xz');
step rxy1: SELECT id, tsv FROM rum_tbl WHERE tsv @@ 'hx';
id|tsv
--+---
(0 rows)

step wx1: INSERT INTO rum_tbl(tsv) values('ab');
step c2: COMMIT;
step c1: COMMIT;

starting permutation: rxy2 wy2 rxy1 c2 wx1 c1
step rxy2: SELECT id, tsv FROM rum_tbl WHERE tsv @@ 'qh';
id|tsv
--+---
(0 rows)

step wy2: INSERT INTO rum_tbl(tsv) values('xz');
step rxy1: SELECT id, tsv FROM rum_tbl WHERE tsv @@ 'hx';
id|tsv
--+---
(0 rows)

step c2: COMMIT;
step wx1: INSERT INTO rum_tbl(tsv) values('ab');
step c1: COMMIT;

starting permutation: rxy2 wy2 c2 rxy1 wx1 c1
step rxy2: SELECT id, tsv FROM rum_tbl WHERE tsv @@ 'qh';
id|tsv
--+---
(0 rows)

step wy2: INSERT INTO rum_tbl(tsv) values('xz');
step c2: COMMIT;
step rxy1: SELECT id, tsv FROM rum_tbl WHERE tsv @@ 'hx';
id|tsv
--+---
(0 rows)

step wx1: INSERT INTO rum_tbl(tsv) values('ab');
step c1: COMMIT;
