LOG:  database system was shut down at 2016-04-26 14:40:32 MSK
LOG:  MultiXact member wraparound protections are now enabled
LOG:  database system is ready to accept connections
LOG:  autovacuum launcher started
LOG:  statement: CREATE EXTENSION rum;
LOG:  statement: CREATE TABLE tst (i int4, t tsvector);
LOG:  statement: INSERT INTO tst SELECT i%10, to_tsvector('simple', substr(md5(i::text), 1, 1)) FROM generate_series(1,100000) i;
LOG:  statement: CREATE INDEX rumidx ON tst USING rum (t rum_tsvector_ops);
LOG:  statement: SELECT pg_current_xlog_location() <= write_location FROM pg_stat_replication WHERE application_name = 'standby';
LOG:  statement: SET enable_seqscan=off;
LOG:  statement: SET enable_bitmapscan=on;
LOG:  statement: SET enable_indexscan=on;
LOG:  statement: SELECT * FROM tst WHERE i = 0;
LOG:  statement: SELECT * FROM tst WHERE i = 3;
LOG:  statement: SELECT * FROM tst WHERE t @@ to_tsquery('simple', 'b');
LOG:  statement: SELECT * FROM tst WHERE t @@ to_tsquery('simple', 'f');
LOG:  statement: SELECT * FROM tst WHERE i = 3 AND t @@ to_tsquery('simple', 'c');
LOG:  statement: SELECT * FROM tst WHERE i = 7 AND t @@ to_tsquery('simple', 'e');
LOG:  statement: DELETE FROM tst WHERE i = 1;
LOG:  statement: SELECT pg_current_xlog_location() <= write_location FROM pg_stat_replication WHERE application_name = 'standby';
LOG:  statement: SET enable_seqscan=off;
LOG:  statement: SET enable_bitmapscan=on;
LOG:  statement: SET enable_indexscan=on;
LOG:  statement: SELECT * FROM tst WHERE i = 0;
LOG:  statement: SELECT * FROM tst WHERE i = 3;
LOG:  statement: SELECT * FROM tst WHERE t @@ to_tsquery('simple', 'b');
LOG:  statement: SELECT * FROM tst WHERE t @@ to_tsquery('simple', 'f');
LOG:  statement: SELECT * FROM tst WHERE i = 3 AND t @@ to_tsquery('simple', 'c');
LOG:  statement: SELECT * FROM tst WHERE i = 7 AND t @@ to_tsquery('simple', 'e');
LOG:  statement: VACUUM tst;
LOG:  statement: SELECT pg_current_xlog_location() <= write_location FROM pg_stat_replication WHERE application_name = 'standby';
LOG:  statement: SET enable_seqscan=off;
LOG:  statement: SET enable_bitmapscan=on;
LOG:  statement: SET enable_indexscan=on;
LOG:  statement: SELECT * FROM tst WHERE i = 0;
LOG:  statement: SELECT * FROM tst WHERE i = 3;
LOG:  statement: SELECT * FROM tst WHERE t @@ to_tsquery('simple', 'b');
LOG:  statement: SELECT * FROM tst WHERE t @@ to_tsquery('simple', 'f');
LOG:  statement: SELECT * FROM tst WHERE i = 3 AND t @@ to_tsquery('simple', 'c');
LOG:  statement: SELECT * FROM tst WHERE i = 7 AND t @@ to_tsquery('simple', 'e');
LOG:  statement: INSERT INTO tst SELECT i%10, to_tsvector('simple', substr(md5(i::text), 1, 1)) FROM generate_series(100001,110000) i;
LOG:  statement: SELECT pg_current_xlog_location() <= write_location FROM pg_stat_replication WHERE application_name = 'standby';
LOG:  statement: SET enable_seqscan=off;
LOG:  statement: SET enable_bitmapscan=on;
LOG:  statement: SET enable_indexscan=on;
LOG:  statement: SELECT * FROM tst WHERE i = 0;
LOG:  statement: SELECT * FROM tst WHERE i = 3;
LOG:  statement: SELECT * FROM tst WHERE t @@ to_tsquery('simple', 'b');
LOG:  statement: SELECT * FROM tst WHERE t @@ to_tsquery('simple', 'f');
LOG:  statement: SELECT * FROM tst WHERE i = 3 AND t @@ to_tsquery('simple', 'c');
LOG:  statement: SELECT * FROM tst WHERE i = 7 AND t @@ to_tsquery('simple', 'e');
LOG:  statement: DELETE FROM tst WHERE i = 2;
LOG:  statement: SELECT pg_current_xlog_location() <= write_location FROM pg_stat_replication WHERE application_name = 'standby';
LOG:  statement: SET enable_seqscan=off;
LOG:  statement: SET enable_bitmapscan=on;
LOG:  statement: SET enable_indexscan=on;
LOG:  statement: SELECT * FROM tst WHERE i = 0;
LOG:  statement: SELECT * FROM tst WHERE i = 3;
LOG:  statement: SELECT * FROM tst WHERE t @@ to_tsquery('simple', 'b');
LOG:  statement: SELECT * FROM tst WHERE t @@ to_tsquery('simple', 'f');
LOG:  statement: SELECT * FROM tst WHERE i = 3 AND t @@ to_tsquery('simple', 'c');
LOG:  statement: SELECT * FROM tst WHERE i = 7 AND t @@ to_tsquery('simple', 'e');
LOG:  statement: VACUUM tst;
LOG:  checkpoints are occurring too frequently (4 seconds apart)
HINT:  Consider increasing the configuration parameter "max_wal_size".
LOG:  statement: SELECT pg_current_xlog_location() <= write_location FROM pg_stat_replication WHERE application_name = 'standby';
LOG:  statement: SET enable_seqscan=off;
LOG:  statement: SET enable_bitmapscan=on;
LOG:  statement: SET enable_indexscan=on;
LOG:  statement: SELECT * FROM tst WHERE i = 0;
LOG:  statement: SELECT * FROM tst WHERE i = 3;
LOG:  statement: SELECT * FROM tst WHERE t @@ to_tsquery('simple', 'b');
LOG:  statement: SELECT * FROM tst WHERE t @@ to_tsquery('simple', 'f');
LOG:  statement: SELECT * FROM tst WHERE i = 3 AND t @@ to_tsquery('simple', 'c');
LOG:  statement: SELECT * FROM tst WHERE i = 7 AND t @@ to_tsquery('simple', 'e');
LOG:  statement: INSERT INTO tst SELECT i%10, to_tsvector('simple', substr(md5(i::text), 1, 1)) FROM generate_series(110001,120000) i;
LOG:  statement: SELECT pg_current_xlog_location() <= write_location FROM pg_stat_replication WHERE application_name = 'standby';
LOG:  statement: SET enable_seqscan=off;
LOG:  statement: SET enable_bitmapscan=on;
LOG:  statement: SET enable_indexscan=on;
LOG:  statement: SELECT * FROM tst WHERE i = 0;
LOG:  statement: SELECT * FROM tst WHERE i = 3;
LOG:  statement: SELECT * FROM tst WHERE t @@ to_tsquery('simple', 'b');
LOG:  statement: SELECT * FROM tst WHERE t @@ to_tsquery('simple', 'f');
LOG:  statement: SELECT * FROM tst WHERE i = 3 AND t @@ to_tsquery('simple', 'c');
LOG:  statement: SELECT * FROM tst WHERE i = 7 AND t @@ to_tsquery('simple', 'e');
LOG:  statement: DELETE FROM tst WHERE i = 3;
LOG:  statement: SELECT pg_current_xlog_location() <= write_location FROM pg_stat_replication WHERE application_name = 'standby';
LOG:  statement: SET enable_seqscan=off;
LOG:  statement: SET enable_bitmapscan=on;
LOG:  statement: SET enable_indexscan=on;
LOG:  statement: SELECT * FROM tst WHERE i = 0;
LOG:  statement: SELECT * FROM tst WHERE i = 3;
LOG:  statement: SELECT * FROM tst WHERE t @@ to_tsquery('simple', 'b');
LOG:  statement: SELECT * FROM tst WHERE t @@ to_tsquery('simple', 'f');
LOG:  statement: SELECT * FROM tst WHERE i = 3 AND t @@ to_tsquery('simple', 'c');
LOG:  statement: SELECT * FROM tst WHERE i = 7 AND t @@ to_tsquery('simple', 'e');
LOG:  statement: VACUUM tst;
LOG:  checkpoints are occurring too frequently (3 seconds apart)
HINT:  Consider increasing the configuration parameter "max_wal_size".
LOG:  statement: SELECT pg_current_xlog_location() <= write_location FROM pg_stat_replication WHERE application_name = 'standby';
LOG:  statement: SET enable_seqscan=off;
LOG:  statement: SET enable_bitmapscan=on;
LOG:  statement: SET enable_indexscan=on;
LOG:  statement: SELECT * FROM tst WHERE i = 0;
LOG:  statement: SELECT * FROM tst WHERE i = 3;
LOG:  statement: SELECT * FROM tst WHERE t @@ to_tsquery('simple', 'b');
LOG:  statement: SELECT * FROM tst WHERE t @@ to_tsquery('simple', 'f');
LOG:  statement: SELECT * FROM tst WHERE i = 3 AND t @@ to_tsquery('simple', 'c');
LOG:  statement: SELECT * FROM tst WHERE i = 7 AND t @@ to_tsquery('simple', 'e');
LOG:  statement: INSERT INTO tst SELECT i%10, to_tsvector('simple', substr(md5(i::text), 1, 1)) FROM generate_series(120001,130000) i;
LOG:  statement: SELECT pg_current_xlog_location() <= write_location FROM pg_stat_replication WHERE application_name = 'standby';
LOG:  statement: SET enable_seqscan=off;
LOG:  statement: SET enable_bitmapscan=on;
LOG:  statement: SET enable_indexscan=on;
LOG:  statement: SELECT * FROM tst WHERE i = 0;
LOG:  statement: SELECT * FROM tst WHERE i = 3;
LOG:  statement: SELECT * FROM tst WHERE t @@ to_tsquery('simple', 'b');
LOG:  statement: SELECT * FROM tst WHERE t @@ to_tsquery('simple', 'f');
LOG:  statement: SELECT * FROM tst WHERE i = 3 AND t @@ to_tsquery('simple', 'c');
LOG:  statement: SELECT * FROM tst WHERE i = 7 AND t @@ to_tsquery('simple', 'e');
LOG:  statement: DELETE FROM tst WHERE i = 4;
LOG:  statement: SELECT pg_current_xlog_location() <= write_location FROM pg_stat_replication WHERE application_name = 'standby';
LOG:  statement: SET enable_seqscan=off;
LOG:  statement: SET enable_bitmapscan=on;
LOG:  statement: SET enable_indexscan=on;
LOG:  statement: SELECT * FROM tst WHERE i = 0;
LOG:  statement: SELECT * FROM tst WHERE i = 3;
LOG:  statement: SELECT * FROM tst WHERE t @@ to_tsquery('simple', 'b');
LOG:  statement: SELECT * FROM tst WHERE t @@ to_tsquery('simple', 'f');
LOG:  statement: SELECT * FROM tst WHERE i = 3 AND t @@ to_tsquery('simple', 'c');
LOG:  statement: SELECT * FROM tst WHERE i = 7 AND t @@ to_tsquery('simple', 'e');
LOG:  statement: VACUUM tst;
LOG:  statement: SELECT pg_current_xlog_location() <= write_location FROM pg_stat_replication WHERE application_name = 'standby';
LOG:  statement: SET enable_seqscan=off;
LOG:  statement: SET enable_bitmapscan=on;
LOG:  statement: SET enable_indexscan=on;
LOG:  statement: SELECT * FROM tst WHERE i = 0;
LOG:  statement: SELECT * FROM tst WHERE i = 3;
LOG:  statement: SELECT * FROM tst WHERE t @@ to_tsquery('simple', 'b');
LOG:  statement: SELECT * FROM tst WHERE t @@ to_tsquery('simple', 'f');
LOG:  statement: SELECT * FROM tst WHERE i = 3 AND t @@ to_tsquery('simple', 'c');
LOG:  statement: SELECT * FROM tst WHERE i = 7 AND t @@ to_tsquery('simple', 'e');
LOG:  statement: INSERT INTO tst SELECT i%10, to_tsvector('simple', substr(md5(i::text), 1, 1)) FROM generate_series(130001,140000) i;
LOG:  statement: SELECT pg_current_xlog_location() <= write_location FROM pg_stat_replication WHERE application_name = 'standby';
LOG:  statement: SET enable_seqscan=off;
LOG:  statement: SET enable_bitmapscan=on;
LOG:  statement: SET enable_indexscan=on;
LOG:  statement: SELECT * FROM tst WHERE i = 0;
LOG:  statement: SELECT * FROM tst WHERE i = 3;
LOG:  statement: SELECT * FROM tst WHERE t @@ to_tsquery('simple', 'b');
LOG:  statement: SELECT * FROM tst WHERE t @@ to_tsquery('simple', 'f');
LOG:  statement: SELECT * FROM tst WHERE i = 3 AND t @@ to_tsquery('simple', 'c');
LOG:  statement: SELECT * FROM tst WHERE i = 7 AND t @@ to_tsquery('simple', 'e');
LOG:  statement: DELETE FROM tst WHERE i = 5;
LOG:  statement: SELECT pg_current_xlog_location() <= write_location FROM pg_stat_replication WHERE application_name = 'standby';
LOG:  statement: SET enable_seqscan=off;
LOG:  statement: SET enable_bitmapscan=on;
LOG:  statement: SET enable_indexscan=on;
LOG:  statement: SELECT * FROM tst WHERE i = 0;
LOG:  statement: SELECT * FROM tst WHERE i = 3;
LOG:  statement: SELECT * FROM tst WHERE t @@ to_tsquery('simple', 'b');
LOG:  statement: SELECT * FROM tst WHERE t @@ to_tsquery('simple', 'f');
LOG:  statement: SELECT * FROM tst WHERE i = 3 AND t @@ to_tsquery('simple', 'c');
LOG:  statement: SELECT * FROM tst WHERE i = 7 AND t @@ to_tsquery('simple', 'e');
LOG:  statement: VACUUM tst;
LOG:  checkpoints are occurring too frequently (5 seconds apart)
HINT:  Consider increasing the configuration parameter "max_wal_size".
LOG:  statement: SELECT pg_current_xlog_location() <= write_location FROM pg_stat_replication WHERE application_name = 'standby';
LOG:  statement: SET enable_seqscan=off;
LOG:  statement: SET enable_bitmapscan=on;
LOG:  statement: SET enable_indexscan=on;
LOG:  statement: SELECT * FROM tst WHERE i = 0;
LOG:  statement: SELECT * FROM tst WHERE i = 3;
LOG:  statement: SELECT * FROM tst WHERE t @@ to_tsquery('simple', 'b');
LOG:  statement: SELECT * FROM tst WHERE t @@ to_tsquery('simple', 'f');
LOG:  statement: SELECT * FROM tst WHERE i = 3 AND t @@ to_tsquery('simple', 'c');
LOG:  statement: SELECT * FROM tst WHERE i = 7 AND t @@ to_tsquery('simple', 'e');
LOG:  statement: INSERT INTO tst SELECT i%10, to_tsvector('simple', substr(md5(i::text), 1, 1)) FROM generate_series(140001,150000) i;
LOG:  statement: SELECT pg_current_xlog_location() <= write_location FROM pg_stat_replication WHERE application_name = 'standby';
LOG:  statement: SET enable_seqscan=off;
LOG:  statement: SET enable_bitmapscan=on;
LOG:  statement: SET enable_indexscan=on;
LOG:  statement: SELECT * FROM tst WHERE i = 0;
LOG:  statement: SELECT * FROM tst WHERE i = 3;
LOG:  statement: SELECT * FROM tst WHERE t @@ to_tsquery('simple', 'b');
LOG:  statement: SELECT * FROM tst WHERE t @@ to_tsquery('simple', 'f');
LOG:  statement: SELECT * FROM tst WHERE i = 3 AND t @@ to_tsquery('simple', 'c');
LOG:  statement: SELECT * FROM tst WHERE i = 7 AND t @@ to_tsquery('simple', 'e');
LOG:  statement: DELETE FROM tst WHERE i = 6;
LOG:  statement: SELECT pg_current_xlog_location() <= write_location FROM pg_stat_replication WHERE application_name = 'standby';
LOG:  statement: SET enable_seqscan=off;
LOG:  statement: SET enable_bitmapscan=on;
LOG:  statement: SET enable_indexscan=on;
LOG:  statement: SELECT * FROM tst WHERE i = 0;
LOG:  statement: SELECT * FROM tst WHERE i = 3;
LOG:  statement: SELECT * FROM tst WHERE t @@ to_tsquery('simple', 'b');
LOG:  statement: SELECT * FROM tst WHERE t @@ to_tsquery('simple', 'f');
LOG:  statement: SELECT * FROM tst WHERE i = 3 AND t @@ to_tsquery('simple', 'c');
LOG:  statement: SELECT * FROM tst WHERE i = 7 AND t @@ to_tsquery('simple', 'e');
LOG:  statement: VACUUM tst;
LOG:  statement: SELECT pg_current_xlog_location() <= write_location FROM pg_stat_replication WHERE application_name = 'standby';
LOG:  statement: SET enable_seqscan=off;
LOG:  statement: SET enable_bitmapscan=on;
LOG:  statement: SET enable_indexscan=on;
LOG:  statement: SELECT * FROM tst WHERE i = 0;
LOG:  statement: SELECT * FROM tst WHERE i = 3;
LOG:  statement: SELECT * FROM tst WHERE t @@ to_tsquery('simple', 'b');
LOG:  statement: SELECT * FROM tst WHERE t @@ to_tsquery('simple', 'f');
LOG:  statement: SELECT * FROM tst WHERE i = 3 AND t @@ to_tsquery('simple', 'c');
LOG:  statement: SELECT * FROM tst WHERE i = 7 AND t @@ to_tsquery('simple', 'e');
LOG:  statement: INSERT INTO tst SELECT i%10, to_tsvector('simple', substr(md5(i::text), 1, 1)) FROM generate_series(150001,160000) i;
LOG:  checkpoints are occurring too frequently (4 seconds apart)
HINT:  Consider increasing the configuration parameter "max_wal_size".
LOG:  statement: SELECT pg_current_xlog_location() <= write_location FROM pg_stat_replication WHERE application_name = 'standby';
LOG:  statement: SET enable_seqscan=off;
LOG:  statement: SET enable_bitmapscan=on;
LOG:  statement: SET enable_indexscan=on;
LOG:  statement: SELECT * FROM tst WHERE i = 0;
LOG:  statement: SELECT * FROM tst WHERE i = 3;
LOG:  statement: SELECT * FROM tst WHERE t @@ to_tsquery('simple', 'b');
LOG:  statement: SELECT * FROM tst WHERE t @@ to_tsquery('simple', 'f');
LOG:  statement: SELECT * FROM tst WHERE i = 3 AND t @@ to_tsquery('simple', 'c');
LOG:  statement: SELECT * FROM tst WHERE i = 7 AND t @@ to_tsquery('simple', 'e');
LOG:  statement: DELETE FROM tst WHERE i = 7;
LOG:  statement: SELECT pg_current_xlog_location() <= write_location FROM pg_stat_replication WHERE application_name = 'standby';
LOG:  statement: SET enable_seqscan=off;
LOG:  statement: SET enable_bitmapscan=on;
LOG:  statement: SET enable_indexscan=on;
LOG:  statement: SELECT * FROM tst WHERE i = 0;
LOG:  statement: SELECT * FROM tst WHERE i = 3;
LOG:  statement: SELECT * FROM tst WHERE t @@ to_tsquery('simple', 'b');
LOG:  statement: SELECT * FROM tst WHERE t @@ to_tsquery('simple', 'f');
LOG:  statement: SELECT * FROM tst WHERE i = 3 AND t @@ to_tsquery('simple', 'c');
LOG:  statement: SELECT * FROM tst WHERE i = 7 AND t @@ to_tsquery('simple', 'e');
LOG:  statement: VACUUM tst;
LOG:  statement: SELECT pg_current_xlog_location() <= write_location FROM pg_stat_replication WHERE application_name = 'standby';
LOG:  statement: SET enable_seqscan=off;
LOG:  statement: SET enable_bitmapscan=on;
LOG:  statement: SET enable_indexscan=on;
LOG:  statement: SELECT * FROM tst WHERE i = 0;
LOG:  statement: SELECT * FROM tst WHERE i = 3;
LOG:  statement: SELECT * FROM tst WHERE t @@ to_tsquery('simple', 'b');
LOG:  statement: SELECT * FROM tst WHERE t @@ to_tsquery('simple', 'f');
LOG:  statement: SELECT * FROM tst WHERE i = 3 AND t @@ to_tsquery('simple', 'c');
LOG:  statement: SELECT * FROM tst WHERE i = 7 AND t @@ to_tsquery('simple', 'e');
LOG:  statement: INSERT INTO tst SELECT i%10, to_tsvector('simple', substr(md5(i::text), 1, 1)) FROM generate_series(160001,170000) i;
LOG:  statement: SELECT pg_current_xlog_location() <= write_location FROM pg_stat_replication WHERE application_name = 'standby';
LOG:  statement: SET enable_seqscan=off;
LOG:  statement: SET enable_bitmapscan=on;
LOG:  statement: SET enable_indexscan=on;
LOG:  statement: SELECT * FROM tst WHERE i = 0;
LOG:  statement: SELECT * FROM tst WHERE i = 3;
LOG:  statement: SELECT * FROM tst WHERE t @@ to_tsquery('simple', 'b');
LOG:  statement: SELECT * FROM tst WHERE t @@ to_tsquery('simple', 'f');
LOG:  statement: SELECT * FROM tst WHERE i = 3 AND t @@ to_tsquery('simple', 'c');
LOG:  statement: SELECT * FROM tst WHERE i = 7 AND t @@ to_tsquery('simple', 'e');
LOG:  statement: DELETE FROM tst WHERE i = 8;
LOG:  statement: SELECT pg_current_xlog_location() <= write_location FROM pg_stat_replication WHERE application_name = 'standby';
LOG:  statement: SET enable_seqscan=off;
LOG:  statement: SET enable_bitmapscan=on;
LOG:  statement: SET enable_indexscan=on;
LOG:  statement: SELECT * FROM tst WHERE i = 0;
LOG:  statement: SELECT * FROM tst WHERE i = 3;
LOG:  statement: SELECT * FROM tst WHERE t @@ to_tsquery('simple', 'b');
LOG:  statement: SELECT * FROM tst WHERE t @@ to_tsquery('simple', 'f');
LOG:  statement: SELECT * FROM tst WHERE i = 3 AND t @@ to_tsquery('simple', 'c');
LOG:  statement: SELECT * FROM tst WHERE i = 7 AND t @@ to_tsquery('simple', 'e');
LOG:  statement: VACUUM tst;
LOG:  checkpoints are occurring too frequently (3 seconds apart)
HINT:  Consider increasing the configuration parameter "max_wal_size".
LOG:  statement: SELECT pg_current_xlog_location() <= write_location FROM pg_stat_replication WHERE application_name = 'standby';
LOG:  statement: SET enable_seqscan=off;
LOG:  statement: SET enable_bitmapscan=on;
LOG:  statement: SET enable_indexscan=on;
LOG:  statement: SELECT * FROM tst WHERE i = 0;
LOG:  statement: SELECT * FROM tst WHERE i = 3;
LOG:  statement: SELECT * FROM tst WHERE t @@ to_tsquery('simple', 'b');
LOG:  statement: SELECT * FROM tst WHERE t @@ to_tsquery('simple', 'f');
LOG:  statement: SELECT * FROM tst WHERE i = 3 AND t @@ to_tsquery('simple', 'c');
LOG:  statement: SELECT * FROM tst WHERE i = 7 AND t @@ to_tsquery('simple', 'e');
LOG:  statement: INSERT INTO tst SELECT i%10, to_tsvector('simple', substr(md5(i::text), 1, 1)) FROM generate_series(170001,180000) i;
LOG:  statement: SELECT pg_current_xlog_location() <= write_location FROM pg_stat_replication WHERE application_name = 'standby';
LOG:  statement: SET enable_seqscan=off;
LOG:  statement: SET enable_bitmapscan=on;
LOG:  statement: SET enable_indexscan=on;
LOG:  statement: SELECT * FROM tst WHERE i = 0;
LOG:  statement: SELECT * FROM tst WHERE i = 3;
LOG:  statement: SELECT * FROM tst WHERE t @@ to_tsquery('simple', 'b');
LOG:  statement: SELECT * FROM tst WHERE t @@ to_tsquery('simple', 'f');
LOG:  statement: SELECT * FROM tst WHERE i = 3 AND t @@ to_tsquery('simple', 'c');
LOG:  statement: SELECT * FROM tst WHERE i = 7 AND t @@ to_tsquery('simple', 'e');
LOG:  statement: DELETE FROM tst WHERE i = 9;
LOG:  statement: SELECT pg_current_xlog_location() <= write_location FROM pg_stat_replication WHERE application_name = 'standby';
LOG:  statement: SET enable_seqscan=off;
LOG:  statement: SET enable_bitmapscan=on;
LOG:  statement: SET enable_indexscan=on;
LOG:  statement: SELECT * FROM tst WHERE i = 0;
LOG:  statement: SELECT * FROM tst WHERE i = 3;
LOG:  statement: SELECT * FROM tst WHERE t @@ to_tsquery('simple', 'b');
LOG:  statement: SELECT * FROM tst WHERE t @@ to_tsquery('simple', 'f');
LOG:  statement: SELECT * FROM tst WHERE i = 3 AND t @@ to_tsquery('simple', 'c');
LOG:  statement: SELECT * FROM tst WHERE i = 7 AND t @@ to_tsquery('simple', 'e');
LOG:  statement: VACUUM tst;
LOG:  statement: SELECT pg_current_xlog_location() <= write_location FROM pg_stat_replication WHERE application_name = 'standby';
LOG:  statement: SET enable_seqscan=off;
LOG:  statement: SET enable_bitmapscan=on;
LOG:  statement: SET enable_indexscan=on;
LOG:  statement: SELECT * FROM tst WHERE i = 0;
LOG:  statement: SELECT * FROM tst WHERE i = 3;
LOG:  statement: SELECT * FROM tst WHERE t @@ to_tsquery('simple', 'b');
LOG:  statement: SELECT * FROM tst WHERE t @@ to_tsquery('simple', 'f');
LOG:  statement: SELECT * FROM tst WHERE i = 3 AND t @@ to_tsquery('simple', 'c');
LOG:  statement: SELECT * FROM tst WHERE i = 7 AND t @@ to_tsquery('simple', 'e');
LOG:  statement: INSERT INTO tst SELECT i%10, to_tsvector('simple', substr(md5(i::text), 1, 1)) FROM generate_series(180001,190000) i;
LOG:  statement: SELECT pg_current_xlog_location() <= write_location FROM pg_stat_replication WHERE application_name = 'standby';
LOG:  statement: SET enable_seqscan=off;
LOG:  statement: SET enable_bitmapscan=on;
LOG:  statement: SET enable_indexscan=on;
LOG:  statement: SELECT * FROM tst WHERE i = 0;
LOG:  statement: SELECT * FROM tst WHERE i = 3;
LOG:  statement: SELECT * FROM tst WHERE t @@ to_tsquery('simple', 'b');
LOG:  statement: SELECT * FROM tst WHERE t @@ to_tsquery('simple', 'f');
LOG:  statement: SELECT * FROM tst WHERE i = 3 AND t @@ to_tsquery('simple', 'c');
LOG:  statement: SELECT * FROM tst WHERE i = 7 AND t @@ to_tsquery('simple', 'e');
LOG:  statement: DELETE FROM tst WHERE i = 10;
LOG:  statement: SELECT pg_current_xlog_location() <= write_location FROM pg_stat_replication WHERE application_name = 'standby';
LOG:  statement: SET enable_seqscan=off;
LOG:  statement: SET enable_bitmapscan=on;
LOG:  statement: SET enable_indexscan=on;
LOG:  statement: SELECT * FROM tst WHERE i = 0;
LOG:  statement: SELECT * FROM tst WHERE i = 3;
LOG:  statement: SELECT * FROM tst WHERE t @@ to_tsquery('simple', 'b');
LOG:  statement: SELECT * FROM tst WHERE t @@ to_tsquery('simple', 'f');
LOG:  statement: SELECT * FROM tst WHERE i = 3 AND t @@ to_tsquery('simple', 'c');
LOG:  statement: SELECT * FROM tst WHERE i = 7 AND t @@ to_tsquery('simple', 'e');
LOG:  statement: VACUUM tst;
LOG:  checkpoints are occurring too frequently (4 seconds apart)
HINT:  Consider increasing the configuration parameter "max_wal_size".
LOG:  statement: SELECT pg_current_xlog_location() <= write_location FROM pg_stat_replication WHERE application_name = 'standby';
LOG:  statement: SET enable_seqscan=off;
LOG:  statement: SET enable_bitmapscan=on;
LOG:  statement: SET enable_indexscan=on;
LOG:  statement: SELECT * FROM tst WHERE i = 0;
LOG:  statement: SELECT * FROM tst WHERE i = 3;
LOG:  statement: SELECT * FROM tst WHERE t @@ to_tsquery('simple', 'b');
LOG:  statement: SELECT * FROM tst WHERE t @@ to_tsquery('simple', 'f');
LOG:  statement: SELECT * FROM tst WHERE i = 3 AND t @@ to_tsquery('simple', 'c');
LOG:  statement: SELECT * FROM tst WHERE i = 7 AND t @@ to_tsquery('simple', 'e');
LOG:  statement: INSERT INTO tst SELECT i%10, to_tsvector('simple', substr(md5(i::text), 1, 1)) FROM generate_series(190001,200000) i;
LOG:  statement: SELECT pg_current_xlog_location() <= write_location FROM pg_stat_replication WHERE application_name = 'standby';
LOG:  statement: SET enable_seqscan=off;
LOG:  statement: SET enable_bitmapscan=on;
LOG:  statement: SET enable_indexscan=on;
LOG:  statement: SELECT * FROM tst WHERE i = 0;
LOG:  statement: SELECT * FROM tst WHERE i = 3;
LOG:  statement: SELECT * FROM tst WHERE t @@ to_tsquery('simple', 'b');
LOG:  statement: SELECT * FROM tst WHERE t @@ to_tsquery('simple', 'f');
LOG:  statement: SELECT * FROM tst WHERE i = 3 AND t @@ to_tsquery('simple', 'c');
LOG:  statement: SELECT * FROM tst WHERE i = 7 AND t @@ to_tsquery('simple', 'e');
LOG:  unexpected EOF on standby connection
LOG:  received immediate shutdown request
WARNING:  terminating connection because of crash of another server process
DETAIL:  The postmaster has commanded this server process to roll back the current transaction and exit, because another server process exited abnormally and possibly corrupted shared memory.
HINT:  In a moment you should be able to reconnect to the database and repeat your command.
LOG:  could not open temporary statistics file "pg_stat/global.tmp": No such file or directory
LOG:  database system is shut down
