LOG:  database system was interrupted; last known up at 2016-04-26 14:40:33 MSK
LOG:  entering standby mode
LOG:  redo starts at 0/2000028
LOG:  consistent recovery state reached at 0/20000F8
LOG:  database system is ready to accept read only connections
LOG:  started streaming WAL from primary at 0/3000000 on timeline 1
LOG:  statement: SET enable_seqscan=off;
LOG:  statement: SET enable_bitmapscan=on;
LOG:  statement: SET enable_indexscan=on;
LOG:  statement: SELECT * FROM tst WHERE i = 0;
LOG:  statement: SELECT * FROM tst WHERE i = 3;
LOG:  statement: SELECT * FROM tst WHERE t @@ to_tsquery('simple', 'b');
LOG:  statement: SELECT * FROM tst WHERE t @@ to_tsquery('simple', 'f');
LOG:  statement: SELECT * FROM tst WHERE i = 3 AND t @@ to_tsquery('simple', 'c');
LOG:  statement: SELECT * FROM tst WHERE i = 7 AND t @@ to_tsquery('simple', 'e');
LOG:  statement: SET enable_seqscan=off;
LOG:  statement: SET enable_bitmapscan=on;
LOG:  statement: SET enable_indexscan=on;
LOG:  statement: SELECT * FROM tst WHERE i = 0;
LOG:  statement: SELECT * FROM tst WHERE i = 3;
LOG:  statement: SELECT * FROM tst WHERE t @@ to_tsquery('simple', 'b');
LOG:  statement: SELECT * FROM tst WHERE t @@ to_tsquery('simple', 'f');
LOG:  statement: SELECT * FROM tst WHERE i = 3 AND t @@ to_tsquery('simple', 'c');
LOG:  statement: SELECT * FROM tst WHERE i = 7 AND t @@ to_tsquery('simple', 'e');
LOG:  statement: SET enable_seqscan=off;
LOG:  statement: SET enable_bitmapscan=on;
LOG:  statement: SET enable_indexscan=on;
LOG:  statement: SELECT * FROM tst WHERE i = 0;
LOG:  statement: SELECT * FROM tst WHERE i = 3;
LOG:  statement: SELECT * FROM tst WHERE t @@ to_tsquery('simple', 'b');
LOG:  statement: SELECT * FROM tst WHERE t @@ to_tsquery('simple', 'f');
LOG:  statement: SELECT * FROM tst WHERE i = 3 AND t @@ to_tsquery('simple', 'c');
LOG:  statement: SELECT * FROM tst WHERE i = 7 AND t @@ to_tsquery('simple', 'e');
LOG:  statement: SET enable_seqscan=off;
LOG:  statement: SET enable_bitmapscan=on;
LOG:  statement: SET enable_indexscan=on;
LOG:  statement: SELECT * FROM tst WHERE i = 0;
LOG:  statement: SELECT * FROM tst WHERE i = 3;
LOG:  statement: SELECT * FROM tst WHERE t @@ to_tsquery('simple', 'b');
LOG:  statement: SELECT * FROM tst WHERE t @@ to_tsquery('simple', 'f');
LOG:  statement: SELECT * FROM tst WHERE i = 3 AND t @@ to_tsquery('simple', 'c');
LOG:  statement: SELECT * FROM tst WHERE i = 7 AND t @@ to_tsquery('simple', 'e');
LOG:  statement: SET enable_seqscan=off;
LOG:  statement: SET enable_bitmapscan=on;
LOG:  statement: SET enable_indexscan=on;
LOG:  statement: SELECT * FROM tst WHERE i = 0;
LOG:  statement: SELECT * FROM tst WHERE i = 3;
LOG:  statement: SELECT * FROM tst WHERE t @@ to_tsquery('simple', 'b');
LOG:  statement: SELECT * FROM tst WHERE t @@ to_tsquery('simple', 'f');
LOG:  statement: SELECT * FROM tst WHERE i = 3 AND t @@ to_tsquery('simple', 'c');
LOG:  statement: SELECT * FROM tst WHERE i = 7 AND t @@ to_tsquery('simple', 'e');
LOG:  statement: SET enable_seqscan=off;
LOG:  statement: SET enable_bitmapscan=on;
LOG:  statement: SET enable_indexscan=on;
LOG:  statement: SELECT * FROM tst WHERE i = 0;
LOG:  statement: SELECT * FROM tst WHERE i = 3;
LOG:  statement: SELECT * FROM tst WHERE t @@ to_tsquery('simple', 'b');
LOG:  statement: SELECT * FROM tst WHERE t @@ to_tsquery('simple', 'f');
LOG:  statement: SELECT * FROM tst WHERE i = 3 AND t @@ to_tsquery('simple', 'c');
LOG:  statement: SELECT * FROM tst WHERE i = 7 AND t @@ to_tsquery('simple', 'e');
LOG:  statement: SET enable_seqscan=off;
LOG:  statement: SET enable_bitmapscan=on;
LOG:  statement: SET enable_indexscan=on;
LOG:  statement: SELECT * FROM tst WHERE i = 0;
LOG:  statement: SELECT * FROM tst WHERE i = 3;
LOG:  statement: SELECT * FROM tst WHERE t @@ to_tsquery('simple', 'b');
LOG:  statement: SELECT * FROM tst WHERE t @@ to_tsquery('simple', 'f');
LOG:  statement: SELECT * FROM tst WHERE i = 3 AND t @@ to_tsquery('simple', 'c');
LOG:  statement: SELECT * FROM tst WHERE i = 7 AND t @@ to_tsquery('simple', 'e');
LOG:  statement: SET enable_seqscan=off;
LOG:  statement: SET enable_bitmapscan=on;
LOG:  statement: SET enable_indexscan=on;
LOG:  statement: SELECT * FROM tst WHERE i = 0;
LOG:  statement: SELECT * FROM tst WHERE i = 3;
LOG:  statement: SELECT * FROM tst WHERE t @@ to_tsquery('simple', 'b');
LOG:  statement: SELECT * FROM tst WHERE t @@ to_tsquery('simple', 'f');
LOG:  statement: SELECT * FROM tst WHERE i = 3 AND t @@ to_tsquery('simple', 'c');
LOG:  statement: SELECT * FROM tst WHERE i = 7 AND t @@ to_tsquery('simple', 'e');
LOG:  statement: SET enable_seqscan=off;
LOG:  statement: SET enable_bitmapscan=on;
LOG:  statement: SET enable_indexscan=on;
LOG:  statement: SELECT * FROM tst WHERE i = 0;
LOG:  statement: SELECT * FROM tst WHERE i = 3;
LOG:  statement: SELECT * FROM tst WHERE t @@ to_tsquery('simple', 'b');
LOG:  statement: SELECT * FROM tst WHERE t @@ to_tsquery('simple', 'f');
LOG:  statement: SELECT * FROM tst WHERE i = 3 AND t @@ to_tsquery('simple', 'c');
LOG:  statement: SELECT * FROM tst WHERE i = 7 AND t @@ to_tsquery('simple', 'e');
LOG:  statement: SET enable_seqscan=off;
LOG:  statement: SET enable_bitmapscan=on;
LOG:  statement: SET enable_indexscan=on;
LOG:  statement: SELECT * FROM tst WHERE i = 0;
LOG:  statement: SELECT * FROM tst WHERE i = 3;
LOG:  statement: SELECT * FROM tst WHERE t @@ to_tsquery('simple', 'b');
LOG:  statement: SELECT * FROM tst WHERE t @@ to_tsquery('simple', 'f');
LOG:  statement: SELECT * FROM tst WHERE i = 3 AND t @@ to_tsquery('simple', 'c');
LOG:  statement: SELECT * FROM tst WHERE i = 7 AND t @@ to_tsquery('simple', 'e');
LOG:  statement: SET enable_seqscan=off;
LOG:  statement: SET enable_bitmapscan=on;
LOG:  statement: SET enable_indexscan=on;
LOG:  statement: SELECT * FROM tst WHERE i = 0;
LOG:  statement: SELECT * FROM tst WHERE i = 3;
LOG:  statement: SELECT * FROM tst WHERE t @@ to_tsquery('simple', 'b');
LOG:  statement: SELECT * FROM tst WHERE t @@ to_tsquery('simple', 'f');
LOG:  statement: SELECT * FROM tst WHERE i = 3 AND t @@ to_tsquery('simple', 'c');
LOG:  statement: SELECT * FROM tst WHERE i = 7 AND t @@ to_tsquery('simple', 'e');
LOG:  statement: SET enable_seqscan=off;
LOG:  statement: SET enable_bitmapscan=on;
LOG:  statement: SET enable_indexscan=on;
LOG:  statement: SELECT * FROM tst WHERE i = 0;
LOG:  statement: SELECT * FROM tst WHERE i = 3;
LOG:  statement: SELECT * FROM tst WHERE t @@ to_tsquery('simple', 'b');
LOG:  statement: SELECT * FROM tst WHERE t @@ to_tsquery('simple', 'f');
LOG:  statement: SELECT * FROM tst WHERE i = 3 AND t @@ to_tsquery('simple', 'c');
LOG:  statement: SELECT * FROM tst WHERE i = 7 AND t @@ to_tsquery('simple', 'e');
LOG:  statement: SET enable_seqscan=off;
LOG:  statement: SET enable_bitmapscan=on;
LOG:  statement: SET enable_indexscan=on;
LOG:  statement: SELECT * FROM tst WHERE i = 0;
LOG:  statement: SELECT * FROM tst WHERE i = 3;
LOG:  statement: SELECT * FROM tst WHERE t @@ to_tsquery('simple', 'b');
LOG:  statement: SELECT * FROM tst WHERE t @@ to_tsquery('simple', 'f');
LOG:  statement: SELECT * FROM tst WHERE i = 3 AND t @@ to_tsquery('simple', 'c');
LOG:  statement: SELECT * FROM tst WHERE i = 7 AND t @@ to_tsquery('simple', 'e');
LOG:  statement: SET enable_seqscan=off;
LOG:  statement: SET enable_bitmapscan=on;
LOG:  statement: SET enable_indexscan=on;
LOG:  statement: SELECT * FROM tst WHERE i = 0;
LOG:  statement: SELECT * FROM tst WHERE i = 3;
LOG:  statement: SELECT * FROM tst WHERE t @@ to_tsquery('simple', 'b');
LOG:  statement: SELECT * FROM tst WHERE t @@ to_tsquery('simple', 'f');
LOG:  statement: SELECT * FROM tst WHERE i = 3 AND t @@ to_tsquery('simple', 'c');
LOG:  statement: SELECT * FROM tst WHERE i = 7 AND t @@ to_tsquery('simple', 'e');
LOG:  statement: SET enable_seqscan=off;
LOG:  statement: SET enable_bitmapscan=on;
LOG:  statement: SET enable_indexscan=on;
LOG:  statement: SELECT * FROM tst WHERE i = 0;
LOG:  statement: SELECT * FROM tst WHERE i = 3;
LOG:  statement: SELECT * FROM tst WHERE t @@ to_tsquery('simple', 'b');
LOG:  statement: SELECT * FROM tst WHERE t @@ to_tsquery('simple', 'f');
LOG:  statement: SELECT * FROM tst WHERE i = 3 AND t @@ to_tsquery('simple', 'c');
LOG:  statement: SELECT * FROM tst WHERE i = 7 AND t @@ to_tsquery('simple', 'e');
LOG:  statement: SET enable_seqscan=off;
LOG:  statement: SET enable_bitmapscan=on;
LOG:  statement: SET enable_indexscan=on;
LOG:  statement: SELECT * FROM tst WHERE i = 0;
LOG:  statement: SELECT * FROM tst WHERE i = 3;
LOG:  statement: SELECT * FROM tst WHERE t @@ to_tsquery('simple', 'b');
LOG:  statement: SELECT * FROM tst WHERE t @@ to_tsquery('simple', 'f');
LOG:  statement: SELECT * FROM tst WHERE i = 3 AND t @@ to_tsquery('simple', 'c');
LOG:  statement: SELECT * FROM tst WHERE i = 7 AND t @@ to_tsquery('simple', 'e');
LOG:  statement: SET enable_seqscan=off;
LOG:  statement: SET enable_bitmapscan=on;
LOG:  statement: SET enable_indexscan=on;
LOG:  statement: SELECT * FROM tst WHERE i = 0;
LOG:  statement: SELECT * FROM tst WHERE i = 3;
LOG:  statement: SELECT * FROM tst WHERE t @@ to_tsquery('simple', 'b');
LOG:  statement: SELECT * FROM tst WHERE t @@ to_tsquery('simple', 'f');
LOG:  statement: SELECT * FROM tst WHERE i = 3 AND t @@ to_tsquery('simple', 'c');
LOG:  statement: SELECT * FROM tst WHERE i = 7 AND t @@ to_tsquery('simple', 'e');
LOG:  statement: SET enable_seqscan=off;
LOG:  statement: SET enable_bitmapscan=on;
LOG:  statement: SET enable_indexscan=on;
LOG:  statement: SELECT * FROM tst WHERE i = 0;
LOG:  statement: SELECT * FROM tst WHERE i = 3;
LOG:  statement: SELECT * FROM tst WHERE t @@ to_tsquery('simple', 'b');
LOG:  statement: SELECT * FROM tst WHERE t @@ to_tsquery('simple', 'f');
LOG:  statement: SELECT * FROM tst WHERE i = 3 AND t @@ to_tsquery('simple', 'c');
LOG:  statement: SELECT * FROM tst WHERE i = 7 AND t @@ to_tsquery('simple', 'e');
LOG:  statement: SET enable_seqscan=off;
LOG:  statement: SET enable_bitmapscan=on;
LOG:  statement: SET enable_indexscan=on;
LOG:  statement: SELECT * FROM tst WHERE i = 0;
LOG:  statement: SELECT * FROM tst WHERE i = 3;
LOG:  statement: SELECT * FROM tst WHERE t @@ to_tsquery('simple', 'b');
LOG:  statement: SELECT * FROM tst WHERE t @@ to_tsquery('simple', 'f');
LOG:  statement: SELECT * FROM tst WHERE i = 3 AND t @@ to_tsquery('simple', 'c');
LOG:  statement: SELECT * FROM tst WHERE i = 7 AND t @@ to_tsquery('simple', 'e');
LOG:  statement: SET enable_seqscan=off;
LOG:  statement: SET enable_bitmapscan=on;
LOG:  statement: SET enable_indexscan=on;
LOG:  statement: SELECT * FROM tst WHERE i = 0;
LOG:  statement: SELECT * FROM tst WHERE i = 3;
LOG:  statement: SELECT * FROM tst WHERE t @@ to_tsquery('simple', 'b');
LOG:  statement: SELECT * FROM tst WHERE t @@ to_tsquery('simple', 'f');
LOG:  statement: SELECT * FROM tst WHERE i = 3 AND t @@ to_tsquery('simple', 'c');
LOG:  statement: SELECT * FROM tst WHERE i = 7 AND t @@ to_tsquery('simple', 'e');
LOG:  statement: SET enable_seqscan=off;
LOG:  statement: SET enable_bitmapscan=on;
LOG:  statement: SET enable_indexscan=on;
LOG:  statement: SELECT * FROM tst WHERE i = 0;
LOG:  statement: SELECT * FROM tst WHERE i = 3;
LOG:  statement: SELECT * FROM tst WHERE t @@ to_tsquery('simple', 'b');
LOG:  statement: SELECT * FROM tst WHERE t @@ to_tsquery('simple', 'f');
LOG:  statement: SELECT * FROM tst WHERE i = 3 AND t @@ to_tsquery('simple', 'c');
LOG:  statement: SELECT * FROM tst WHERE i = 7 AND t @@ to_tsquery('simple', 'e');
LOG:  statement: SET enable_seqscan=off;
LOG:  statement: SET enable_bitmapscan=on;
LOG:  statement: SET enable_indexscan=on;
LOG:  statement: SELECT * FROM tst WHERE i = 0;
LOG:  statement: SELECT * FROM tst WHERE i = 3;
LOG:  statement: SELECT * FROM tst WHERE t @@ to_tsquery('simple', 'b');
LOG:  statement: SELECT * FROM tst WHERE t @@ to_tsquery('simple', 'f');
LOG:  statement: SELECT * FROM tst WHERE i = 3 AND t @@ to_tsquery('simple', 'c');
LOG:  statement: SELECT * FROM tst WHERE i = 7 AND t @@ to_tsquery('simple', 'e');
LOG:  statement: SET enable_seqscan=off;
LOG:  statement: SET enable_bitmapscan=on;
LOG:  statement: SET enable_indexscan=on;
LOG:  statement: SELECT * FROM tst WHERE i = 0;
LOG:  statement: SELECT * FROM tst WHERE i = 3;
LOG:  statement: SELECT * FROM tst WHERE t @@ to_tsquery('simple', 'b');
LOG:  statement: SELECT * FROM tst WHERE t @@ to_tsquery('simple', 'f');
LOG:  statement: SELECT * FROM tst WHERE i = 3 AND t @@ to_tsquery('simple', 'c');
LOG:  statement: SELECT * FROM tst WHERE i = 7 AND t @@ to_tsquery('simple', 'e');
LOG:  statement: SET enable_seqscan=off;
LOG:  statement: SET enable_bitmapscan=on;
LOG:  statement: SET enable_indexscan=on;
LOG:  statement: SELECT * FROM tst WHERE i = 0;
LOG:  statement: SELECT * FROM tst WHERE i = 3;
LOG:  statement: SELECT * FROM tst WHERE t @@ to_tsquery('simple', 'b');
LOG:  statement: SELECT * FROM tst WHERE t @@ to_tsquery('simple', 'f');
LOG:  statement: SELECT * FROM tst WHERE i = 3 AND t @@ to_tsquery('simple', 'c');
LOG:  statement: SELECT * FROM tst WHERE i = 7 AND t @@ to_tsquery('simple', 'e');
LOG:  statement: SET enable_seqscan=off;
LOG:  statement: SET enable_bitmapscan=on;
LOG:  statement: SET enable_indexscan=on;
LOG:  statement: SELECT * FROM tst WHERE i = 0;
LOG:  statement: SELECT * FROM tst WHERE i = 3;
LOG:  statement: SELECT * FROM tst WHERE t @@ to_tsquery('simple', 'b');
LOG:  statement: SELECT * FROM tst WHERE t @@ to_tsquery('simple', 'f');
LOG:  statement: SELECT * FROM tst WHERE i = 3 AND t @@ to_tsquery('simple', 'c');
LOG:  statement: SELECT * FROM tst WHERE i = 7 AND t @@ to_tsquery('simple', 'e');
LOG:  statement: SET enable_seqscan=off;
LOG:  statement: SET enable_bitmapscan=on;
LOG:  statement: SET enable_indexscan=on;
LOG:  statement: SELECT * FROM tst WHERE i = 0;
LOG:  statement: SELECT * FROM tst WHERE i = 3;
LOG:  statement: SELECT * FROM tst WHERE t @@ to_tsquery('simple', 'b');
LOG:  statement: SELECT * FROM tst WHERE t @@ to_tsquery('simple', 'f');
LOG:  statement: SELECT * FROM tst WHERE i = 3 AND t @@ to_tsquery('simple', 'c');
LOG:  statement: SELECT * FROM tst WHERE i = 7 AND t @@ to_tsquery('simple', 'e');
LOG:  statement: SET enable_seqscan=off;
LOG:  statement: SET enable_bitmapscan=on;
LOG:  statement: SET enable_indexscan=on;
LOG:  statement: SELECT * FROM tst WHERE i = 0;
LOG:  statement: SELECT * FROM tst WHERE i = 3;
LOG:  statement: SELECT * FROM tst WHERE t @@ to_tsquery('simple', 'b');
LOG:  statement: SELECT * FROM tst WHERE t @@ to_tsquery('simple', 'f');
LOG:  statement: SELECT * FROM tst WHERE i = 3 AND t @@ to_tsquery('simple', 'c');
LOG:  statement: SELECT * FROM tst WHERE i = 7 AND t @@ to_tsquery('simple', 'e');
LOG:  statement: SET enable_seqscan=off;
LOG:  statement: SET enable_bitmapscan=on;
LOG:  statement: SET enable_indexscan=on;
LOG:  statement: SELECT * FROM tst WHERE i = 0;
LOG:  statement: SELECT * FROM tst WHERE i = 3;
LOG:  statement: SELECT * FROM tst WHERE t @@ to_tsquery('simple', 'b');
LOG:  statement: SELECT * FROM tst WHERE t @@ to_tsquery('simple', 'f');
LOG:  statement: SELECT * FROM tst WHERE i = 3 AND t @@ to_tsquery('simple', 'c');
LOG:  statement: SELECT * FROM tst WHERE i = 7 AND t @@ to_tsquery('simple', 'e');
LOG:  statement: SET enable_seqscan=off;
LOG:  statement: SET enable_bitmapscan=on;
LOG:  statement: SET enable_indexscan=on;
LOG:  statement: SELECT * FROM tst WHERE i = 0;
LOG:  statement: SELECT * FROM tst WHERE i = 3;
LOG:  statement: SELECT * FROM tst WHERE t @@ to_tsquery('simple', 'b');
LOG:  statement: SELECT * FROM tst WHERE t @@ to_tsquery('simple', 'f');
LOG:  statement: SELECT * FROM tst WHERE i = 3 AND t @@ to_tsquery('simple', 'c');
LOG:  statement: SELECT * FROM tst WHERE i = 7 AND t @@ to_tsquery('simple', 'e');
LOG:  statement: SET enable_seqscan=off;
LOG:  statement: SET enable_bitmapscan=on;
LOG:  statement: SET enable_indexscan=on;
LOG:  statement: SELECT * FROM tst WHERE i = 0;
LOG:  statement: SELECT * FROM tst WHERE i = 3;
LOG:  statement: SELECT * FROM tst WHERE t @@ to_tsquery('simple', 'b');
LOG:  statement: SELECT * FROM tst WHERE t @@ to_tsquery('simple', 'f');
LOG:  statement: SELECT * FROM tst WHERE i = 3 AND t @@ to_tsquery('simple', 'c');
LOG:  statement: SELECT * FROM tst WHERE i = 7 AND t @@ to_tsquery('simple', 'e');
LOG:  statement: SET enable_seqscan=off;
LOG:  statement: SET enable_bitmapscan=on;
LOG:  statement: SET enable_indexscan=on;
LOG:  statement: SELECT * FROM tst WHERE i = 0;
LOG:  statement: SELECT * FROM tst WHERE i = 3;
LOG:  statement: SELECT * FROM tst WHERE t @@ to_tsquery('simple', 'b');
LOG:  statement: SELECT * FROM tst WHERE t @@ to_tsquery('simple', 'f');
LOG:  statement: SELECT * FROM tst WHERE i = 3 AND t @@ to_tsquery('simple', 'c');
LOG:  statement: SELECT * FROM tst WHERE i = 7 AND t @@ to_tsquery('simple', 'e');
LOG:  received immediate shutdown request
LOG:  could not open temporary statistics file "pg_stat/global.tmp": No such file or directory
LOG:  database system is shut down
